<?xml version="1.0" encoding="UTF-8"?>
<!-- Generated by org.testng.reporters.JUnitXMLReporter -->
<testsuite ignored="0" hostname="Amrithas-MacBook-Air.local" failures="0" tests="2" name="Default test" time="13.653" errors="0" timestamp="2022-03-16T17:09:32 IST">
  <testcase classname="com.automationpractise.Testcases.HomePageTest" name="bannerTest" time="0.159"/>
  <testcase classname="com.automationpractise.Testcases.HomePageTest" name="titleTest" time="0.006"/>
</testsuite> <!-- Default test -->
