<?xml version="1.0" encoding="UTF-8"?>
<testng-results ignored="0" total="2" passed="2" failed="0" skipped="0">
  <reporter-output>
  </reporter-output>
  <suite started-at="2022-03-16T17:09:19 IST" name="Default suite" finished-at="2022-03-16T17:09:32 IST" duration-ms="13653">
    <groups>
    </groups>
    <test started-at="2022-03-16T17:09:19 IST" name="Default test" finished-at="2022-03-16T17:09:32 IST" duration-ms="13653">
      <class name="com.automationpractise.Testcases.HomePageTest">
        <test-method is-config="true" signature="setUp()[pri:0, instance:com.automationpractise.Testcases.HomePageTest@cd3fee8]" started-at="2022-03-16T17:09:19 IST" name="setUp" finished-at="2022-03-16T17:09:32 IST" duration-ms="13359" status="PASS">
          <reporter-output>
          </reporter-output>
        </test-method> <!-- setUp -->
        <test-method signature="bannerTest()[pri:0, instance:com.automationpractise.Testcases.HomePageTest@cd3fee8]" started-at="2022-03-16T17:09:32 IST" name="bannerTest" finished-at="2022-03-16T17:09:32 IST" duration-ms="159" status="PASS">
          <reporter-output>
          </reporter-output>
        </test-method> <!-- bannerTest -->
        <test-method signature="titleTest()[pri:0, instance:com.automationpractise.Testcases.HomePageTest@cd3fee8]" started-at="2022-03-16T17:09:32 IST" name="titleTest" finished-at="2022-03-16T17:09:32 IST" duration-ms="6" status="PASS">
          <reporter-output>
          </reporter-output>
        </test-method> <!-- titleTest -->
        <test-method is-config="true" signature="tearDown()[pri:0, instance:com.automationpractise.Testcases.HomePageTest@cd3fee8]" started-at="2022-03-16T17:09:32 IST" name="tearDown" finished-at="2022-03-16T17:09:32 IST" duration-ms="107" status="PASS">
          <reporter-output>
          </reporter-output>
        </test-method> <!-- tearDown -->
      </class> <!-- com.automationpractise.Testcases.HomePageTest -->
    </test> <!-- Default test -->
  </suite> <!-- Default suite -->
</testng-results>
